****************************************************************************
***                            Sentaurus Mesh                            ***
***                        Version N-2017.09-SP1                         ***
***                        (1.690, x86_64, Linux)                        ***
***                                                                      ***
***                       Copyright (C) 2005-2017                        ***
***                            Synopsys, Inc.                            ***
***                                                                      ***
***  This software and the associated documentation are confidential     ***
***  and proprietary to Synopsys, Inc.  Your use or disclosure of this   ***
***  software is subject to the terms and conditions of a written        ***
***  license agreement between you, or your company, and Synopsys, Inc.  ***
****************************************************************************

Compiled Tue Oct 24 15:54:05 PDT 2017 on: tcadprod35
Running on: rice09
Hardware type: x86_64
OS name: Linux
OS release: 4.15.0-142-generic
OS version: #146~16.04.1-Ubuntu SMP Tue Apr 13 09:27:15 UTC 2021
Process ID: 17162

Flags used:

** Generating 3d grid **


===============================  brep quality  ===================================
minAngle: 0.302388  [near (0.012 -0.045 0.028)]
maxAngle: 172.666  [near (0.008 -0.068 0.028)]
minDihedralAngle: 90  [near (0.056 0.068 0.028),(0.056 0.07 0.028)] at region=region_metal_bot
nVerts = 550  nTris = 1898  nRegs = 94
bmin: -0 -0.088 -0.028
bmax: 0.095 0.07 0.056
min edgeLength: 9.51303e-05  [near (0.0119525 -0.0449977 0.028)]
min area: 9.50226e-08  max area: 0.00133  total area: 0.252212 interface area: 0.180224
volume: 0.00124583
Conformal? true
Are all boundaries on bbox? false
==================================================================================
Creating binary tree...done.
Smoothing out binary tree...done.
Imprinting binary tree on the boundary...done.
Optimizing boundary nodes...done.

===============================  brep quality  ===================================
minAngle: 0.68206  [near (0.016 -0.018875 -0.007)]
maxAngle: 174.688  [near (0.006 -0.002 -0)]
minDihedralAngle: 90  [near (0.056 0.068 0.028),(0.056 0.07 0.028)] at region=region_metal_bot
nVerts = 28150  nTris = 62047  nRegs = 94
bmin: 0 -0.088 -0.028
bmax: 0.095 0.07 0.056
min edgeLength: 6.25e-05  [near (0.008 -0.00403125 0.027125)]
min area: 7.8125e-09  max area: 0.000124688  total area: 0.252212 interface area: 0.180224
volume: 0.00124583
Conformal? true
Are all boundaries on bbox? false
==================================================================================
Number of vertices after binary tree generation : 
  28232 (tree) + 28150 (boundary)

** Delaunizing the mesh **

Creating delaunizer input...done.
Fixing diagonals...done.
Building a generic Delaunay triangulation of the 50782 input vertices ...done.
Setting up planar patches...done.
Initializing protection spheres...done.
Flipping edges...done. (50790 vertices, 298121 elements)
Solving ridges...done. (54276 vertices, 318877 elements)
Solving faces...done. (56892 vertices, 334373 elements)
Optimizing elements...done. (56892 vertices)
Recovering faces...done. (56892 vertices)
Eliminating slivers...done. (178.455 degrees), maxWeight = 7.91319e-07 um^2.

============================Report Non-Delaunay elements ============================
Found 17 non-Delaunay elements
Worst non-Delaunay quality index is 0.869918 on tetrahedron:
 ( (0.0801563;0.0650625;-0.01225), (0.0801563;0.0650625;-0.009625), (0.083125;0.0650625;-0.01225), (0.083125;0.068;-0.009625) )
Found 0 non-Delaunay boundary faces
Found 0 non-Delaunay ridges
==================================================================================


The final mesh has: 
   56884 points.
  320876 elements.
      94 regions.
Max. connectivity = 68 located at (0.0178125;-0.0040625;0.02975)

Smallest region: Body  Total volume: 0
        MeshGen3DNew::getDelaunizerInput:      44.5s
                 MeshGen3DNew::delaunize:      48.6s

==============================  tet-grid quality  ================================
    0  10  20  30  40  50  60  70  80  90 100 110 120 130 140 150 160 170 180
 %    1   3   7   5   7  10   8   8   5  36   2   1   3   3   1  .   .   . 
---------------------------------------------------------------------------------
minAngle: 0.68206  maxAngle: 178.455
nVerts = 56884  nTets = 320876  nMats = 88
max connectivity (tets per node): 68
bmin: 0 -0.088 -0.028
bmax: 0.095 0.07 0.056
min edgeLength: 6.25e-05  [near (0.0154219 -0.00403125 0.0284375)]
min volume: 2.27865e-12  max volume: 4.1043e-07  Total volume: 0.00124583
bbox  volume: 0.00126084
Are all boundaries on bbox? false
=================================================================================

Smallest region: region_gate_n_to_pWFM_lump_1  Total volume: 5.6e-08
Interpolating data...done.
done.
Saving file /home/cmc2374/EE316_Project/EE-316-Project/forksheet/final_models/fsh_si3n4_msh.tdr...done.

===============================  Timer Report===================================
              Total Mesh Generation Time:       121s       100%
                       Rate of #Vertices:       470
                          Rate of #Edges:         0
                          Rate of #Faces:  2.39e+03
                       Rate of #Elements:  2.65e+03

                              BinaryTree:        19s      15.7%
                                 Imprint:      7.23s      5.98%
                           DelaunayInput:        29s        24%
                           DiagonalFixer:  0.000566s  0.000468%
                          InsertVertices:      15.4s      12.8%
                              Delaunizer:      14.4s      11.9%
                        SphereProtection:      1.56s      1.29%
                        SolveConstraints:      17.4s      14.4%
                        OptimizeElements:      3.32s      2.74%
                            RecoverFaces:      4.89s      4.04%
                           SliverRemover:      6.91s      5.71%
                            Time Covered:       119s      98.5%

