****************************************************************************
***                            Sentaurus Mesh                            ***
***                        Version N-2017.09-SP1                         ***
***                        (1.690, x86_64, Linux)                        ***
***                                                                      ***
***                       Copyright (C) 2005-2017                        ***
***                            Synopsys, Inc.                            ***
***                                                                      ***
***  This software and the associated documentation are confidential     ***
***  and proprietary to Synopsys, Inc.  Your use or disclosure of this   ***
***  software is subject to the terms and conditions of a written        ***
***  license agreement between you, or your company, and Synopsys, Inc.  ***
****************************************************************************

Compiled Tue Oct 24 15:54:05 PDT 2017 on: tcadprod35
Running on: rice05
Hardware type: x86_64
OS name: Linux
OS release: 4.15.0-142-generic
OS version: #146~16.04.1-Ubuntu SMP Tue Apr 13 09:27:15 UTC 2021
Process ID: 22749

Flags used:

** Generating 3d grid **


===============================  brep quality  ===================================
minAngle: 0.302388  [near (0.012 -0.045 0.028)]
maxAngle: 172.666  [near (0.008 -0.068 0.028)]
minDihedralAngle: 90  [near (0.095 -0.088 0.028),(0.095 -0.068 0.028)] at region=region_gate_top
nVerts = 450  nTris = 1554  nRegs = 80
bmin: -0 -0.088 -0.028
bmax: 0.095 0.068 0.056
min edgeLength: 9.51303e-05  [near (0.0119525 -0.0449977 0.028)]
min area: 9.50226e-08  max area: 0.00323  total area: 0.206568 interface area: 0.137
volume: 0.00113848
Conformal? true
Are all boundaries on bbox? false
==================================================================================
Creating binary tree...done.
Smoothing out binary tree...done.
Imprinting binary tree on the boundary...done.
Optimizing boundary nodes...done.

===============================  brep quality  ===================================
minAngle: 0.734521  [near (0.006 -0.053875 0)]
maxAngle: 175.278  [near (0.006 -0.002 0.028)]
minDihedralAngle: 90  [near (0.095 -0.088 0.028),(0.095 -0.083125 0.028)] at region=region_gate_top
nVerts = 24225  nTris = 53014  nRegs = 80
bmin: 0 -0.088 -0.028
bmax: 0.095 0.068 0.056
min edgeLength: 6.25e-05  [near (0.00596875 -0.063625 0.028)]
min area: 7.8125e-09  max area: 3.11719e-05  total area: 0.206568 interface area: 0.137
volume: 0.00113848
Conformal? true
Are all boundaries on bbox? false
==================================================================================
Number of vertices after binary tree generation : 
  32547 (tree) + 24225 (boundary)

** Delaunizing the mesh **

Creating delaunizer input...done.
Fixing diagonals...done.
Building a generic Delaunay triangulation of the 50476 input vertices ...done.
Setting up planar patches...done.
Initializing protection spheres...done.
Flipping edges...done. (50484 vertices, 297090 elements)
Solving ridges...done. (53846 vertices, 317223 elements)
Solving faces...done. (56261 vertices, 331630 elements)
Optimizing elements...done. (56261 vertices)
Recovering faces...done. (56261 vertices)
Eliminating slivers...done. (178.451 degrees), maxWeight = 2.55155e-19 um^2.

============================Report Non-Delaunay elements ============================
Found 0 non-Delaunay elements
Found 0 non-Delaunay boundary faces
Found 0 non-Delaunay ridges
==================================================================================


The final mesh has: 
   56253 points.
  316881 elements.
      80 regions.
Max. connectivity = 68 located at (0.02375;-0.005125;0.02975)

Smallest region: Body  Total volume: 0
        MeshGen3DNew::getDelaunizerInput:      44.2s
                 MeshGen3DNew::delaunize:        50s

==============================  tet-grid quality  ================================
    0  10  20  30  40  50  60  70  80  90 100 110 120 130 140 150 160 170 180
 %    1   3   7   5   8  11   8   7   4  35   1   1   3   3  .   .   .   . 
---------------------------------------------------------------------------------
minAngle: 0.732655  maxAngle: 178.451
nVerts = 56253  nTets = 316881  nMats = 74
max connectivity (tets per node): 68
bmin: 0 -0.088 -0.028
bmax: 0.095 0.068 0.056
min edgeLength: 6.25e-05  [near (0.00595313 -0.0331562 0.028875)]
min volume: 2.27865e-12  max volume: 1.01309e-07  Total volume: 0.00113848
bbox  volume: 0.00124488
Are all boundaries on bbox? false
=================================================================================

Smallest region: region_gate_n_to_pWFM_lump_1  Total volume: 5.6e-08
Interpolating data...done.
done.
Saving file /home/cmc2374/EE316_Project/EE-316-Project/forksheet/forksheet_draft_4_msh.tdr...done.

===============================  Timer Report===================================
              Total Mesh Generation Time:       123s       100%
                       Rate of #Vertices:       457
                          Rate of #Edges:         0
                          Rate of #Faces:  2.38e+03
                       Rate of #Elements:  2.57e+03

                              BinaryTree:      21.3s      17.3%
                                 Imprint:      6.15s      4.99%
                           DelaunayInput:      27.9s      22.7%
                           DiagonalFixer:  0.000548s  0.000445%
                          InsertVertices:      16.2s      13.2%
                              Delaunizer:        15s      12.2%
                        SphereProtection:      1.61s      1.31%
                        SolveConstraints:      17.5s      14.2%
                        OptimizeElements:      3.33s       2.7%
                            RecoverFaces:      5.61s      4.56%
                           SliverRemover:      6.84s      5.55%
                            Time Covered:       122s      98.7%

