****************************************************************************
***                            Sentaurus Mesh                            ***
***                        Version N-2017.09-SP1                         ***
***                        (1.690, x86_64, Linux)                        ***
***                                                                      ***
***                       Copyright (C) 2005-2017                        ***
***                            Synopsys, Inc.                            ***
***                                                                      ***
***  This software and the associated documentation are confidential     ***
***  and proprietary to Synopsys, Inc.  Your use or disclosure of this   ***
***  software is subject to the terms and conditions of a written        ***
***  license agreement between you, or your company, and Synopsys, Inc.  ***
****************************************************************************

Compiled Tue Oct 24 15:54:05 PDT 2017 on: tcadprod35
Running on: rice11
Hardware type: x86_64
OS name: Linux
OS release: 4.15.0-142-generic
OS version: #146~16.04.1-Ubuntu SMP Tue Apr 13 09:27:15 UTC 2021
Process ID: 24991

Flags used:

** Generating 3d grid **


===============================  brep quality  ===================================
minAngle: 0.302388  [near (0.012 -0.045 0.028)]
maxAngle: 172.666  [near (0.008 -0.068 0.028)]
minDihedralAngle: 90  [near (0.095 -0 0.028),(0.095 -0 0.056)] at region=region_source_ox_lump_3
nVerts = 518  nTris = 1792  nRegs = 84
bmin: -0 -0.088 -0.028
bmax: 0.095 0.068 0.056
min edgeLength: 9.51303e-05  [near (0.0119525 -0.0449977 0.028)]
min area: 9.50226e-08  max area: 0.00133  total area: 0.235276 interface area: 0.165708
volume: 0.00113848
Conformal? true
Are all boundaries on bbox? false
==================================================================================
Creating binary tree...done.
Smoothing out binary tree...done.
Imprinting binary tree on the boundary...done.
Optimizing boundary nodes...done.

===============================  brep quality  ===================================
minAngle: 0.68206  [near (0.016 -0.05875 -0.007)]
maxAngle: 175.278  [near (0.006 -0.002 0.028)]
minDihedralAngle: 90  [near (0.095 -0 0.028),(0.095 -0.00025 0.028)] at region=region_source_lump_2
nVerts = 26607  nTris = 58562  nRegs = 84
bmin: 0 -0.088 -0.028
bmax: 0.095 0.068 0.056
min edgeLength: 6.25e-05  [near (0.00596875 -0.063625 0.028)]
min area: 7.8125e-09  max area: 0.0001995  total area: 0.235276 interface area: 0.165708
volume: 0.00113848
Conformal? true
Are all boundaries on bbox? false
==================================================================================
Number of vertices after binary tree generation : 
  27219 (tree) + 26607 (boundary)

** Delaunizing the mesh **

Creating delaunizer input...done.
Fixing diagonals...done.
Building a generic Delaunay triangulation of the 48258 input vertices ...done.
Setting up planar patches...done.
Initializing protection spheres...done.
Flipping edges...done. (48266 vertices, 284148 elements)
Solving ridges...done. (51881 vertices, 305706 elements)
Solving faces...done. (54254 vertices, 319849 elements)
Optimizing elements...done. (54254 vertices)
Recovering faces...done. (54254 vertices)
Eliminating slivers...done. (178.451 degrees), maxWeight = 3.40207e-19 um^2.

============================Report Non-Delaunay elements ============================
Found 0 non-Delaunay elements
Found 0 non-Delaunay boundary faces
Found 0 non-Delaunay ridges
==================================================================================


The final mesh has: 
   54246 points.
  306478 elements.
      84 regions.
Max. connectivity = 66 located at (0.0267187;-0.005125;0.02975)

Smallest region: Drain_1  Total volume: 0
        MeshGen3DNew::getDelaunizerInput:      42.4s
                 MeshGen3DNew::delaunize:      47.8s

==============================  tet-grid quality  ================================
    0  10  20  30  40  50  60  70  80  90 100 110 120 130 140 150 160 170 180
 %    1   4   6   5   7  10   8   7   5  36   2   1   3   3   1  .   .   . 
---------------------------------------------------------------------------------
minAngle: 0.732655  maxAngle: 178.451
nVerts = 54246  nTets = 306478  nMats = 79
max connectivity (tets per node): 66
bmin: 0 -0.088 -0.028
bmax: 0.095 0.068 0.056
min edgeLength: 6.25e-05  [near (0.00595313 -0.0160937 0.028875)]
min volume: 2.27865e-12  max volume: 7.89688e-07  Total volume: 0.00113848
bbox  volume: 0.00124488
Are all boundaries on bbox? false
=================================================================================

Smallest region: region_gate_n_to_pWFM_lump_1  Total volume: 5.6e-08
Interpolating data...done.
done.
Saving file /home/cmc2374/EE316_Project/EE-316-Project/forksheet/forksheet_draft6_msh.tdr...done.

===============================  Timer Report===================================
              Total Mesh Generation Time:       120s       100%
                       Rate of #Vertices:       452
                          Rate of #Edges:         0
                          Rate of #Faces:   2.3e+03
                       Rate of #Elements:  2.55e+03

                              BinaryTree:      21.2s      17.6%
                                 Imprint:       6.8s      5.66%
                           DelaunayInput:      27.2s      22.6%
                           DiagonalFixer:  0.000627s  0.000523%
                          InsertVertices:      15.3s      12.7%
                              Delaunizer:      14.2s      11.8%
                        SphereProtection:      1.51s      1.26%
                        SolveConstraints:      17.4s      14.5%
                        OptimizeElements:      3.24s       2.7%
                            RecoverFaces:      4.81s      4.01%
                           SliverRemover:      6.67s      5.56%
                            Time Covered:       118s      98.5%

