****************************************************************************
***                            Sentaurus Mesh                            ***
***                        Version N-2017.09-SP1                         ***
***                        (1.690, x86_64, Linux)                        ***
***                                                                      ***
***                       Copyright (C) 2005-2017                        ***
***                            Synopsys, Inc.                            ***
***                                                                      ***
***  This software and the associated documentation are confidential     ***
***  and proprietary to Synopsys, Inc.  Your use or disclosure of this   ***
***  software is subject to the terms and conditions of a written        ***
***  license agreement between you, or your company, and Synopsys, Inc.  ***
****************************************************************************

Compiled Tue Oct 24 15:54:05 PDT 2017 on: tcadprod35
Running on: rice16
Hardware type: x86_64
OS name: Linux
OS release: 4.15.0-142-generic
OS version: #146~16.04.1-Ubuntu SMP Tue Apr 13 09:27:15 UTC 2021
Process ID: 31839

Flags used:

Using total concentrations for net doping
** Generating 3d grid **


===============================  brep quality  ===================================
minAngle: 0.302388  [near (0.012 -0.045 0.028)]
maxAngle: 172.666  [near (0.008 -0.068 0.028)]
minDihedralAngle: 90  [near (0.035 -0.064 0.028),(0.035 -0.066 0.028)] at region=region_channel_nWFM
nVerts = 426  nTris = 1338  nRegs = 65
bmin: 0 -0.068 0
bmax: 0.095 0.068 0.028
min edgeLength: 9.51303e-05  [near (0.0119525 -0.0449977 0.028)]
min area: 9.50226e-08  max area: 0.000952  total area: 0.13434 interface area: 0.095564
volume: 0.00036176
Conformal? true
Are all boundaries on bbox? true
==================================================================================
Creating binary tree...done.
Smoothing out binary tree...done.
Imprinting binary tree on the boundary...done.
Optimizing boundary nodes...done.

===============================  brep quality  ===================================
minAngle: 0.286477  [near (0.012 -0.045 0.028)]
maxAngle: 177.274  [near (0.012 -0.043 0.028)]
minDihedralAngle: 90  [near (0.035 -0.064 0.028),(0.035 -0.066 0.028)] at region=region_channel_nWFM
nVerts = 410  nTris = 1302  nRegs = 65
bmin: -0 -0.068 -0
bmax: 0.095 0.068 0.028
min edgeLength: 0.001  [near (0.0355 -0.066 0.028)]
min area: 5e-07  max area: 0.001904  total area: 0.13434 interface area: 0.095564
volume: 0.00036176
Conformal? true
Are all boundaries on bbox? true
==================================================================================
Number of vertices after binary tree generation : 
  8 (tree) + 410 (boundary)

** Delaunizing the mesh **

Creating delaunizer input...done.
Fixing diagonals...done.
Building a generic Delaunay triangulation of the 410 input vertices ...done.
Setting up planar patches...done.
Initializing protection spheres...done.
Flipping edges...done. (418 vertices, 2066 elements)
Solving ridges...done. (1507 vertices, 7613 elements)
Solving faces...done. (1507 vertices, 7613 elements)
Optimizing elements...done. (1507 vertices)
Recovering faces...done. (1507 vertices)
Eliminating slivers...done. (176.976 degrees), maxWeight = 1.75e-06 um^2.

============================Report Non-Delaunay elements ============================
Found 1 non-Delaunay elements
Worst non-Delaunay quality index is 0.990106 on tetrahedron:
 ( (0.091;-0.003;0.028), (0.091;-0.002;0), (0.091;-0.001;0.028), (0.095;0;0.028) )
Found 0 non-Delaunay boundary faces
Found 0 non-Delaunay ridges
==================================================================================


The final mesh has: 
    1499 points.
    4370 elements.
      65 regions.
Max. connectivity = 24 located at (0.0265;-0.039;0)

Smallest region: region_gate_n_to_pWFM_lump_1  Total volume: 5.6e-08
        MeshGen3DNew::getDelaunizerInput:     0.136s
                 MeshGen3DNew::delaunize:       1.3s

==============================  tet-grid quality  ================================
    0  10  20  30  40  50  60  70  80  90 100 110 120 130 140 150 160 170 180
 %    9   6   2   3   3   8   4   2   7  47   2  .    1   3  .    1  .    1
---------------------------------------------------------------------------------
minAngle: 0.834942  maxAngle: 176.976
nVerts = 1499  nTets = 4370  nMats = 65
max connectivity (tets per node): 24
bmin: 0 -0.068 0
bmax: 0.095 0.068 0.028
min edgeLength: 0.001  [near (0.0585 -0.00275 0.021)]
min volume: 4.66667e-09  max volume: 7.45733e-06  Total volume: 0.00036176
bbox  volume: 0.00036176
Are all boundaries on bbox? true
=================================================================================

Smallest region: region_gate_n_to_pWFM_lump_1  Total volume: 5.6e-08
Interpolating data...done.
done.
Saving file /home/cmc2374/EE316_Project/EE-316-Project/forksheet/forksheet_draft1_msh.tdr...done.

===============================  Timer Report===================================
              Total Mesh Generation Time:      1.65s       100%
                       Rate of #Vertices:       909
                          Rate of #Edges:         0
                          Rate of #Faces:  2.74e+03
                       Rate of #Elements:  2.65e+03

                              BinaryTree:    0.0599s      3.63%
                                 Imprint:     0.125s      7.59%
                           DelaunayInput:    0.0625s      3.79%
                           DiagonalFixer:  0.000507s    0.0307%
                          InsertVertices:    0.0729s      4.42%
                              Delaunizer:     0.256s      15.5%
                        SphereProtection:   0.00444s     0.269%
                        SolveConstraints:     0.852s      51.7%
                        OptimizeElements:    0.0458s      2.77%
                            RecoverFaces:    0.0699s      4.23%
                           SliverRemover:    0.0766s      4.64%
                            Time Covered:      1.63s      98.5%

