****************************************************************************
***                            Sentaurus Mesh                            ***
***                        Version N-2017.09-SP1                         ***
***                        (1.690, x86_64, Linux)                        ***
***                                                                      ***
***                       Copyright (C) 2005-2017                        ***
***                            Synopsys, Inc.                            ***
***                                                                      ***
***  This software and the associated documentation are confidential     ***
***  and proprietary to Synopsys, Inc.  Your use or disclosure of this   ***
***  software is subject to the terms and conditions of a written        ***
***  license agreement between you, or your company, and Synopsys, Inc.  ***
****************************************************************************

Compiled Tue Oct 24 15:54:05 PDT 2017 on: tcadprod35
Running on: rice05
Hardware type: x86_64
OS name: Linux
OS release: 4.15.0-142-generic
OS version: #146~16.04.1-Ubuntu SMP Tue Apr 13 09:27:15 UTC 2021
Process ID: 6758

Flags used:

** Generating 3d grid **


===============================  brep quality  ===================================
minAngle: 0.302388  [near (0.012 -0.045 0.028)]
maxAngle: 172.666  [near (0.008 -0.068 0.028)]
minDihedralAngle: 90  [near (0.079 -0.049 0.056),(0.079 -0.059 0.056)] at region=region_source_lump_2
nVerts = 498  nTris = 1722  nRegs = 80
bmin: -0 -0.088 -0.028
bmax: 0.095 0.068 0.056
min edgeLength: 9.51303e-05  [near (0.0119525 -0.0449977 0.028)]
min area: 9.50226e-08  max area: 0.00323  total area: 0.222624 interface area: 0.153056
volume: 0.00113848
Conformal? true
Are all boundaries on bbox? false
==================================================================================
Creating binary tree...done.
Smoothing out binary tree...done.
Imprinting binary tree on the boundary...done.
Optimizing boundary nodes...done.

===============================  brep quality  ===================================
minAngle: 0.68206  [near (0.016 -0.05875 -0.007)]
maxAngle: 175.278  [near (0.006 -0.002 0.028)]
minDihedralAngle: 90  [near (0.079 -0.049 0.056),(0.0771875 -0.049 0.056)] at region=region_source_lump_2
nVerts = 26075  nTris = 57187  nRegs = 80
bmin: 0 -0.088 -0.028
bmax: 0.095 0.068 0.056
min edgeLength: 6.25e-05  [near (0.00596875 -0.063625 0.028)]
min area: 7.8125e-09  max area: 0.0001995  total area: 0.222624 interface area: 0.153056
volume: 0.00113848
Conformal? true
Are all boundaries on bbox? false
==================================================================================
Number of vertices after binary tree generation : 
  30877 (tree) + 26075 (boundary)

** Delaunizing the mesh **

Creating delaunizer input...done.
Fixing diagonals...done.
Building a generic Delaunay triangulation of the 50764 input vertices ...done.
Setting up planar patches...done.
Initializing protection spheres...done.
Flipping edges...done. (50772 vertices, 298955 elements)
Solving ridges...done. (54225 vertices, 319570 elements)
Solving faces...done. (56567 vertices, 333515 elements)
Optimizing elements...done. (56567 vertices)
Recovering faces...done. (56567 vertices)
Eliminating slivers...done. (178.451 degrees), maxWeight = 2.6933e-19 um^2.

============================Report Non-Delaunay elements ============================
Found 0 non-Delaunay elements
Found 0 non-Delaunay boundary faces
Found 0 non-Delaunay ridges
==================================================================================


The final mesh has: 
   56559 points.
  319151 elements.
      80 regions.
Max. connectivity = 62 located at (0.011875;-0.005125;-0.00175)

Smallest region: Body  Total volume: 0
        MeshGen3DNew::getDelaunizerInput:      44.5s
                 MeshGen3DNew::delaunize:      49.3s

==============================  tet-grid quality  ================================
    0  10  20  30  40  50  60  70  80  90 100 110 120 130 140 150 160 170 180
 %    1   3   6   5   8  10   8   7   5  36   2   1   3   3  .   .   .   . 
---------------------------------------------------------------------------------
minAngle: 0.732655  maxAngle: 178.451
nVerts = 56559  nTets = 319151  nMats = 74
max connectivity (tets per node): 62
bmin: 0 -0.088 -0.028
bmax: 0.095 0.068 0.056
min edgeLength: 6.25e-05  [near (0.00595313 -0.0355937 0.0284375)]
min volume: 2.27865e-12  max volume: 7.89688e-07  Total volume: 0.00113848
bbox  volume: 0.00124488
Are all boundaries on bbox? false
=================================================================================

Smallest region: region_gate_n_to_pWFM_lump_1  Total volume: 5.6e-08
Interpolating data...done.
done.
Saving file /home/cmc2374/EE316_Project/EE-316-Project/forksheet/forksheet_draft5_msh.tdr...done.

===============================  Timer Report===================================
              Total Mesh Generation Time:       124s       100%
                       Rate of #Vertices:       456
                          Rate of #Edges:         0
                          Rate of #Faces:  2.35e+03
                       Rate of #Elements:  2.57e+03

                              BinaryTree:      21.9s      17.7%
                                 Imprint:      6.57s       5.3%
                           DelaunayInput:      28.6s        23%
                           DiagonalFixer:  0.000553s  0.000446%
                          InsertVertices:        16s      12.9%
                              Delaunizer:      14.7s      11.8%
                        SphereProtection:      1.53s      1.23%
                        SolveConstraints:      17.5s      14.1%
                        OptimizeElements:      3.34s      2.69%
                            RecoverFaces:      5.54s      4.46%
                           SliverRemover:      6.73s      5.42%
                            Time Covered:       122s      98.6%

