****************************************************************************
***                            Sentaurus Mesh                            ***
***                        Version N-2017.09-SP1                         ***
***                        (1.690, x86_64, Linux)                        ***
***                                                                      ***
***                       Copyright (C) 2005-2017                        ***
***                            Synopsys, Inc.                            ***
***                                                                      ***
***  This software and the associated documentation are confidential     ***
***  and proprietary to Synopsys, Inc.  Your use or disclosure of this   ***
***  software is subject to the terms and conditions of a written        ***
***  license agreement between you, or your company, and Synopsys, Inc.  ***
****************************************************************************

Compiled Tue Oct 24 15:54:05 PDT 2017 on: tcadprod35
Running on: rice05
Hardware type: x86_64
OS name: Linux
OS release: 4.15.0-142-generic
OS version: #146~16.04.1-Ubuntu SMP Tue Apr 13 09:27:15 UTC 2021
Process ID: 17370

Flags used:

Using total concentrations for net doping
** Generating 3d grid **


===============================  brep quality  ===================================
minAngle: 0.302388  [near (0.012 -0.045 0.028)]
maxAngle: 172.666  [near (0.008 -0.068 0.028)]
minDihedralAngle: 90  [near (0.056 -0.068 0.056),(0.056 -0.068 0.028)] at region=region_source_lump_2
nVerts = 446  nTris = 1508  nRegs = 73
bmin: -0 -0.068 -0.028
bmax: 0.095 0.068 0.056
min edgeLength: 9.51303e-05  [near (0.0119525 -0.0449977 0.028)]
min area: 9.50226e-08  max area: 0.00323  total area: 0.198988 interface area: 0.13434
volume: 0.00108528
Conformal? true
Are all boundaries on bbox? true
==================================================================================
Creating binary tree...done.
Smoothing out binary tree...done.
Imprinting binary tree on the boundary...done.
Optimizing boundary nodes...done.

===============================  brep quality  ===================================
minAngle: 0.842524  [near (0.006 -0.04675 0)]
maxAngle: 174.833  [near (0.006 -0.002 -0)]
minDihedralAngle: 90  [near (0.056 -0.068 0.056),(0.0534375 -0.068 0.056)] at region=region_drain_wall
nVerts = 24722  nTris = 54002  nRegs = 73
bmin: 0 -0.068 -0.028
bmax: 0.095 0.068 0.056
min edgeLength: 6.25e-05  [near (0.00596875 -0.051 0)]
min area: 2.73437e-08  max area: 3.11719e-05  total area: 0.198988 interface area: 0.13434
volume: 0.00108528
Conformal? true
Are all boundaries on bbox? true
==================================================================================
Number of vertices after binary tree generation : 
  34769 (tree) + 24722 (boundary)

** Delaunizing the mesh **

Creating delaunizer input...done.
Fixing diagonals...done.
Building a generic Delaunay triangulation of the 52476 input vertices ...done.
Setting up planar patches...done.
Initializing protection spheres...done.
Flipping edges...done. (52484 vertices, 307732 elements)
Solving ridges...done. (55855 vertices, 327652 elements)
Solving faces...done. (57836 vertices, 339424 elements)
Optimizing elements...done. (57836 vertices)
Recovering faces...done. (57836 vertices)
Eliminating slivers...done. (178.397 degrees), maxWeight = 6.25e-08 um^2.

============================Report Non-Delaunay elements ============================
Found 0 non-Delaunay elements
Found 0 non-Delaunay boundary faces
Found 0 non-Delaunay ridges
==================================================================================


The final mesh has: 
   57828 points.
  325418 elements.
      73 regions.
Max. connectivity = 66 located at (0.0148438;-0.04675;0.02975)

Smallest region: region_gate_n_to_pWFM_lump_1  Total volume: 5.6e-08
        MeshGen3DNew::getDelaunizerInput:      46.7s
                 MeshGen3DNew::delaunize:      49.1s

==============================  tet-grid quality  ================================
    0  10  20  30  40  50  60  70  80  90 100 110 120 130 140 150 160 170 180
 %   .    3   6   5   8  11   8   7   4  35   1   1   3   3  .   .   .   . 
---------------------------------------------------------------------------------
minAngle: 0.840383  maxAngle: 178.397
nVerts = 57828  nTets = 325418  nMats = 73
max connectivity (tets per node): 66
bmin: 0 -0.068 -0.028
bmax: 0.095 0.068 0.056
min edgeLength: 6.25e-05  [near (0.00596875 -0.0074375 0.0284375)]
min volume: 9.11458e-12  max volume: 8.83203e-08  Total volume: 0.00108528
bbox  volume: 0.00108528
Are all boundaries on bbox? true
=================================================================================

Smallest region: region_gate_n_to_pWFM_lump_1  Total volume: 5.6e-08
Interpolating data...done.
done.
Saving file /home/cmc2374/EE316_Project/EE-316-Project/forksheet/forksheet_draft3_msh.tdr...done.

===============================  Timer Report===================================
              Total Mesh Generation Time:       124s       100%
                       Rate of #Vertices:       466
                          Rate of #Edges:         0
                          Rate of #Faces:   2.4e+03
                       Rate of #Elements:  2.62e+03

                              BinaryTree:      20.5s      16.6%
                                 Imprint:      6.19s      4.99%
                           DelaunayInput:      29.7s      23.9%
                           DiagonalFixer:  0.000509s  0.000411%
                          InsertVertices:        17s      13.7%
                              Delaunizer:      15.7s      12.7%
                        SphereProtection:      1.62s      1.31%
                        SolveConstraints:      16.6s      13.4%
                        OptimizeElements:      3.43s      2.76%
                            RecoverFaces:      4.92s      3.97%
                           SliverRemover:      6.89s      5.56%
                            Time Covered:       123s      98.8%

