###########################################
# Sentaurus Visual N-2017.09-SP1.
# Tcl log file.
#------------------------------------------
# Date: Feb 22, 2022. 09:29:54.
# Version: 27.0.690 (1.690)
# Mode: Interactive (GUI).
# Hostname: rice05.
# Machine: Linux, x86_64, x86_64.
# Kernel: 4.15.0-142-generic.
###########################################

load_file /home/cmc2374/EE316_Project/EE-316-Project/forksheet/forksheet_draft5_msh.tdr
create_plot -dataset forksheet_draft5_msh
select_plots {Plot_forksheet_draft5_msh}
#-> Plot_forksheet_draft5_msh
#-> Plot_forksheet_draft5_msh
#-> forksheet_draft5_msh
rotate_plot -plot Plot_forksheet_draft5_msh -x 166.658 -y -179.43 -z -53.6068 -absolute
#-> 0
zoom_plot -plot Plot_forksheet_draft5_msh -factor 1.04881
zoom_plot -plot Plot_forksheet_draft5_msh -factor 1.4641
zoom_plot -plot Plot_forksheet_draft5_msh -factor 0.953463
rotate_plot -plot Plot_forksheet_draft5_msh -x -153.142 -y -69.4446 -z 4.19171 -absolute
#-> 0
rotate_plot -plot Plot_forksheet_draft5_msh -x -165.612 -y -12.3429 -z 16.8771 -absolute
#-> 0
zoom_plot -plot Plot_forksheet_draft5_msh -factor 1.04881
zoom_plot -plot Plot_forksheet_draft5_msh -factor 1.39596
zoom_plot -plot Plot_forksheet_draft5_msh -factor 1.26906
zoom_plot -plot Plot_forksheet_draft5_msh -factor 0.953463
zoom_plot -plot Plot_forksheet_draft5_msh -factor 0.866784
zoom_plot -plot Plot_forksheet_draft5_msh -factor 0.716351
zoom_plot -plot Plot_forksheet_draft5_msh -factor 0.866784
rotate_plot -plot Plot_forksheet_draft5_msh -x -151.497 -y -54.5705 -z 17.4792 -absolute
#-> 0
zoom_plot -plot Plot_forksheet_draft5_msh -factor 1.21
zoom_plot -plot Plot_forksheet_draft5_msh -factor 1.1
zoom_plot -plot Plot_forksheet_draft5_msh -factor 0.683013
zoom_plot -plot Plot_forksheet_draft5_msh -factor 0.953463
zoom_plot -plot Plot_forksheet_draft5_msh -factor 0.787986
zoom_plot -plot Plot_forksheet_draft5_msh -factor 0.909091
rotate_plot -plot Plot_forksheet_draft5_msh -x -149.681 -y -39.6812 -z 14.6214 -absolute
#-> 0
exit 0
 
